<?xml version="1.0" encoding="UTF-8" ?>
<testsuite tests="5" failures="0" name="com.chedaojunan.report.client.AutoGraspApiClientTest" time="1.889" errors="0" skipped="0">
  <properties>
[...]
</properties>
  <testcase classname="com.chedaojunan.report.client.AutoGraspApiClientTest" name="testGetTrafficInfoFromAutoGraspResponse" time="1.437"/>
  <testcase classname="com.chedaojunan.report.client.AutoGraspApiClientTest" name="testGetTrafficInfoFromAutoGraspResponseInvalid" time="0.208"/>
  <testcase classname="com.chedaojunan.report.client.AutoGraspApiClientTest" name="testGetAutoGraspResponseValid" time="0.127"/>
  <testcase classname="com.chedaojunan.report.client.AutoGraspApiClientTest" name="testGetAutoGraspResponseInValid" time="0.11"/>
  <testcase classname="com.chedaojunan.report.client.AutoGraspApiClientTest" name="testGetTrafficInfoFromAutoGraspResponseXN" time="0.007"/>
</testsuite>